4526:APP_OPEN:startTime=1771553058748
9861:GENERAL_SHOW_PERSPECTIVE:perspective=org.jkiss.dbeaver.core.perspective
9863:GENERAL_VIEW_OPEN:view=org.jkiss.dbeaver.core.databaseNavigator
9863:GENERAL_VIEW_OPEN:view=org.jkiss.dbeaver.core.projectExplorer
80061:CONNECTION_TEST:driver=postgresql:postgres-jdbc
105891:CONNECTION_TEST:driver=postgresql:postgres-jdbc
235037:CONNECTION_TEST:driver=postgresql:postgres-jdbc
242120:CONNECTION_TEST:driver=postgresql:postgres-jdbc
249503:CONNECTION_CREATE:driver=postgresql:postgres-jdbc
252054:CONNECTION_OPEN:driver=postgresql:postgres-jdbc&origin=local
256905:SQL_EDITOR_OPEN:driver=postgresql:postgres-jdbc
283635:SQL_EDITOR_EXECUTE_QUERY
325230:SQL_EDITOR_OPEN:driver=postgresql:postgres-jdbc
330295:SQL_SCRIPT_NEW
331043:SQL_EDITOR_OPEN:driver=postgresql:postgres-jdbc
337076:SQL_EDITOR_OPEN:driver=postgresql:postgres-jdbc
339186:SQL_SCRIPT_NEW
340613:SQL_EDITOR_OPEN:driver=postgresql:postgres-jdbc
347378:SQL_EDITOR_OPEN:driver=postgresql:postgres-jdbc
352765:SQL_SCRIPT_NEW
353570:SQL_EDITOR_OPEN:driver=postgresql:postgres-jdbc
358939:SQL_EDITOR_OPEN:driver=postgresql:postgres-jdbc
