2026-02-19 21:02:19.972 - DBeaver 25.3.3.202601191420 is starting
2026-02-19 21:02:19.972 - OS: Windows 11 10.0 (amd64)
2026-02-19 21:02:19.972 - Java version: 21.0.8 by Eclipse Adoptium (64bit)
2026-02-19 21:02:19.972 - Install path: 'C:\Program Files\WindowsApps\DBeaverCorp.DBeaverCE_25.3.3.0_x64__1b7tdvn0p0f9y'
2026-02-19 21:02:19.972 - Instance path: 'file:/C:/Users/Alexis Pineda/OneDrive/Documentos/customer-health-intelligence/sql/'
2026-02-19 21:02:19.972 - Memory available 64Mb/1024Mb
2026-02-19 21:02:19.988 - Create display
> Start Interfaz de usuario de Eclipse IDE [org.eclipse.ui.ide 3.22.800.v20251112-0859]
2026-02-19 21:02:20.289 - Initialize desktop platform...
2026-02-19 21:02:20.494 - BounceCastle bundle found. Use JCE provider BC
> Start Core File Systems [org.eclipse.core.filesystem 1.11.400.v20251107-0507]
> Start Core Resource Management [org.eclipse.core.resources 3.23.100.v20251106-1705]
> Start Núcleo del equipo de soporte [org.eclipse.team.core 3.10.900.v20251104-0924]
> Start DBeaver UI Navigator [org.jkiss.dbeaver.ui.navigator 1.0.171.202601191420]
2026-02-19 21:02:20.891 - Initialize base platform...
> Start DBeaver Windows Store extension [org.jkiss.dbeaver.ui.app.winstore 1.0.96.202601191420]
2026-02-19 21:02:20.906 - send collected statistics
2026-02-19 21:02:20.914 - Platform initialized (625ms)
> Start Equinox Java Authentication and Authorization Service (JAAS) [org.eclipse.equinox.security 1.4.700.v20250622-1644]
> Start Interfaz de usuario de manejo de conexión a Internet [org.eclipse.ui.net 1.5.500.v20250611-0855]
> Start Internet Connection Management [org.eclipse.core.net 1.5.800.v20250613-1119]
2026-02-19 21:02:21.150 - Proxy service 'org.eclipse.core.net.proxy.IProxyService' loaded
2026-02-19 21:02:21.209 - Can't start instance server: java.io.IOException: Unable to establish loopback connection
2026-02-19 21:02:21.222 - Run workbench
> Start SWT del banco de trabajo de Eclipse e4 [org.eclipse.e4.ui.workbench.swt 0.17.1000.v20251023-0611]
> Start Eclipse Application Services [org.eclipse.e4.core.services 2.5.300.v20251112-1253]
> Start Eclipse UI Application Services [org.eclipse.e4.ui.services 1.6.600.v20251023-1358]
> Start Eclipse e4 Progress View [org.eclipse.e4.ui.progress 0.4.900.v20251023-1511]
> Start Eclipse Bindings Support [org.eclipse.e4.ui.bindings 0.14.800.v20250916-0937]
> Start Eclipse e4 core commands [org.eclipse.e4.core.commands 1.1.700.v20250916-0927]
> Start EMF XML/XMI Persistence [org.eclipse.emf.ecore.xmi 2.39.0.v20250910-1205]
> Start Eclipse CSS SWT Theme Support [org.eclipse.e4.ui.css.swt.theme 0.14.600.v20251023-0615]
> Start Extensiones del banco de trabajo de Eclipse e4 [org.eclipse.e4.ui.workbench.addons.swt 1.5.900.v20251007-0832]
> Start Renderizador SWT del banco de trabajo de Eclipse e4 [org.eclipse.e4.ui.workbench.renderers.swt 0.16.1000.v20251114-0005]
> Start Eclipse Dependency Injection Extensions [org.eclipse.e4.core.di.extensions 0.18.300.v20240413-1529]
> Start DBeaver AI Model [org.jkiss.dbeaver.model.ai 2.0.14.202601191420]
> Start DBeaver AI UI [org.jkiss.dbeaver.ui.ai 1.0.73.202601191420]
> Start Eclipse CSS SWT Support [org.eclipse.e4.ui.css.swt 0.15.700.v20251023-1511]
Warning: NLS unused message: UriHandlerPreferencePage_Warning_OtherApp in: org.eclipse.ui.internal.ide.messages
> Start JFace [org.eclipse.jface.text 3.29.0.v20251112-0859]
> Start Editor de texto predeterminado [org.eclipse.ui.editors 3.20.200.v20251125-0939]
> Start Entorno de trabajo [org.eclipse.ui.workbench.texteditor 3.19.400.v20251105-0815]
2026-02-19 21:02:24.998 - Configure workbench window
> Start DBeaver SQL Model [org.jkiss.dbeaver.model.sql 1.0.161.202601191420]
2026-02-19 21:02:25.481 - Total database drivers: 127 (127)
> Start Núcleo del sistema de ayuda [org.eclipse.help 3.10.600.v20250613-0437]
2026-02-19 21:02:25.627 - Create actions
2026-02-19 21:02:27.139 - Initialize workbench window
2026-02-19 21:02:27.188 - Finish initialization
> Start DBeaver UI Editors - Data [org.jkiss.dbeaver.ui.editors.data 1.0.171.202601191420]
> Start DBeaver UI Editors - SQL [org.jkiss.dbeaver.ui.editors.sql 1.0.171.202601191420]
> Start DBeaver Sample Database [org.jkiss.dbeaver.ui.config.sample 1.0.208.202601191420]
> Start DBeaver Dashboard UI [org.jkiss.dbeaver.ui.dashboard 1.0.168.202601191420]
> Start GEF Classic Draw2d [org.eclipse.draw2d 3.21.0.202512020742]
> Start GEF Classic GEF (MVC) [org.eclipse.gef 3.24.0.202511201732]
> Start DBeaver ERD UI [org.jkiss.dbeaver.ui.editors.erd 3.1.12.202601191420]
> Start DBeaver ERD Model [org.jkiss.dbeaver.model.erd 1.1.12.202601191420]
2026-02-19 21:02:47.110 - Dispose navigator model
2026-02-19 21:02:47.290 - DBeaver is stopping
2026-02-19 21:02:47.297 - DBeaver shutdown completed
